C:\Users\dylan\webDev\edgeMap\edgeMap\src\app\app.component.js
C:\Users\dylan\webDev\edgeMap\edgeMap\src\app\app.component.js.map
C:\Users\dylan\webDev\edgeMap\edgeMap\src\app\app.module.js
C:\Users\dylan\webDev\edgeMap\edgeMap\src\app\app.module.js.map
C:\Users\dylan\webDev\edgeMap\edgeMap\src\main.js
C:\Users\dylan\webDev\edgeMap\edgeMap\src\main.js.map
C:\Users\dylan\webDev\edgeMap\edgeMap\src\app\app.component.spec.js
C:\Users\dylan\webDev\edgeMap\edgeMap\src\app\app.component.spec.js.map
C:\Users\dylan\webDev\edgeMap\edgeMap\src\app\app.component.js
C:\Users\dylan\webDev\edgeMap\edgeMap\src\app\app.component.js.map
C:\Users\dylan\webDev\edgeMap\edgeMap\src\app\app.module.js
C:\Users\dylan\webDev\edgeMap\edgeMap\src\app\app.module.js.map
C:\Users\dylan\webDev\edgeMap\edgeMap\src\main.js
C:\Users\dylan\webDev\edgeMap\edgeMap\src\main.js.map
C:\Users\dylan\webDev\edgeMap\edgeMap\src\app\app.component.spec.js
C:\Users\dylan\webDev\edgeMap\edgeMap\src\app\app.component.spec.js.map
C:\Users\dylan\webDev\edgeMap\edgeMap\src\app\app.component.js
C:\Users\dylan\webDev\edgeMap\edgeMap\src\app\app.component.js.map
C:\Users\dylan\webDev\edgeMap\edgeMap\src\app\app.module.js
C:\Users\dylan\webDev\edgeMap\edgeMap\src\app\app.module.js.map
C:\Users\dylan\webDev\edgeMap\edgeMap\src\main.js
C:\Users\dylan\webDev\edgeMap\edgeMap\src\main.js.map
C:\Users\dylan\webDev\edgeMap\edgeMap\src\app\app.component.spec.js
C:\Users\dylan\webDev\edgeMap\edgeMap\src\app\app.component.spec.js.map
C:\Users\dylan\webDev\edgeMap\edgeMap\src\app\app.component.js
C:\Users\dylan\webDev\edgeMap\edgeMap\src\app\app.component.js.map
C:\Users\dylan\webDev\edgeMap\edgeMap\src\app\app.module.js
C:\Users\dylan\webDev\edgeMap\edgeMap\src\app\app.module.js.map
C:\Users\dylan\webDev\edgeMap\edgeMap\src\main.js
C:\Users\dylan\webDev\edgeMap\edgeMap\src\main.js.map
C:\Users\dylan\webDev\edgeMap\edgeMap\src\app\app.component.spec.js
C:\Users\dylan\webDev\edgeMap\edgeMap\src\app\app.component.spec.js.map
C:\Users\dylan\webDev\edgeMap\edgeMap\src\app\app.component.js
C:\Users\dylan\webDev\edgeMap\edgeMap\src\app\app.component.js.map
C:\Users\dylan\webDev\edgeMap\edgeMap\src\app\app.module.js
C:\Users\dylan\webDev\edgeMap\edgeMap\src\app\app.module.js.map
C:\Users\dylan\webDev\edgeMap\edgeMap\src\main.js
C:\Users\dylan\webDev\edgeMap\edgeMap\src\main.js.map
C:\Users\dylan\webDev\edgeMap\edgeMap\src\app\app.component.spec.js
C:\Users\dylan\webDev\edgeMap\edgeMap\src\app\app.component.spec.js.map
C:\Users\dylan\webDev\edgeMap\edgeMap\src\app\app.component.js
C:\Users\dylan\webDev\edgeMap\edgeMap\src\app\app.component.js.map
C:\Users\dylan\webDev\edgeMap\edgeMap\src\app\app.module.js
C:\Users\dylan\webDev\edgeMap\edgeMap\src\app\app.module.js.map
C:\Users\dylan\webDev\edgeMap\edgeMap\src\main.js
C:\Users\dylan\webDev\edgeMap\edgeMap\src\main.js.map
C:\Users\dylan\webDev\edgeMap\edgeMap\src\app\app.component.spec.js
C:\Users\dylan\webDev\edgeMap\edgeMap\src\app\app.component.spec.js.map
C:\Users\dylan\webDev\edgeMap\edgeMap\src\app\app.component.js
C:\Users\dylan\webDev\edgeMap\edgeMap\src\app\app.component.js.map
C:\Users\dylan\webDev\edgeMap\edgeMap\src\app\app.module.js
C:\Users\dylan\webDev\edgeMap\edgeMap\src\app\app.module.js.map
C:\Users\dylan\webDev\edgeMap\edgeMap\src\main.js
C:\Users\dylan\webDev\edgeMap\edgeMap\src\main.js.map
C:\Users\dylan\webDev\edgeMap\edgeMap\src\app\app.component.spec.js
C:\Users\dylan\webDev\edgeMap\edgeMap\src\app\app.component.spec.js.map
C:\Users\dylan\webDev\edgeMap\edgeMap\src\app\app.component.js
C:\Users\dylan\webDev\edgeMap\edgeMap\src\app\app.component.js.map
C:\Users\dylan\webDev\edgeMap\edgeMap\src\app\app.module.js
C:\Users\dylan\webDev\edgeMap\edgeMap\src\app\app.module.js.map
C:\Users\dylan\webDev\edgeMap\edgeMap\src\main.js
C:\Users\dylan\webDev\edgeMap\edgeMap\src\main.js.map
C:\Users\dylan\webDev\edgeMap\edgeMap\src\app\app.component.spec.js
C:\Users\dylan\webDev\edgeMap\edgeMap\src\app\app.component.spec.js.map
